<?xml version="1.0" encoding="UTF-8"?>
<robot generator="Robot 4.1.3 (Python 3.8.10 on linux)" generated="20220401 06:20:56.285" rpa="false" schemaversion="2">
<suite id="s1" name="Processtest" source="/root/processtest.robot">
<test id="s1-t1" name="Test1">
<kw name="Run Process" library="Process">
<arg>python3</arg>
<arg>-c</arg>
<arg>print('Hello, world!')</arg>
<doc>Runs a process and waits for it to complete.</doc>
<msg timestamp="20220401 06:20:56.310" level="INFO">Starting process:
python3 -c "print('Hello, world!')"</msg>
<msg timestamp="20220401 06:20:56.313" level="INFO">Waiting for process to complete.</msg>
<msg timestamp="20220401 06:20:56.332" level="INFO">Process completed.</msg>
<status status="PASS" starttime="20220401 06:20:56.310" endtime="20220401 06:20:56.332"/>
</kw>
<status status="PASS" starttime="20220401 06:20:56.309" endtime="20220401 06:20:56.333"/>
</test>
<test id="s1-t2" name="Test2">
<kw name="Run Process" library="Process">
<var>${result}</var>
<arg>ansible</arg>
<arg>--version</arg>
<doc>Runs a process and waits for it to complete.</doc>
<msg timestamp="20220401 06:20:56.335" level="INFO">Starting process:
ansible --version</msg>
<msg timestamp="20220401 06:20:56.338" level="INFO">Waiting for process to complete.</msg>
<msg timestamp="20220401 06:20:56.729" level="INFO">Process completed.</msg>
<msg timestamp="20220401 06:20:56.730" level="INFO">${result} = &lt;result object with rc 0&gt;</msg>
<status status="PASS" starttime="20220401 06:20:56.334" endtime="20220401 06:20:56.730"/>
</kw>
<kw name="Should Be Equal" library="BuiltIn">
<arg>${result.rc}</arg>
<arg>${0}</arg>
<doc>Fails if the given objects are unequal.</doc>
<status status="PASS" starttime="20220401 06:20:56.730" endtime="20220401 06:20:56.732"/>
</kw>
<kw name="Log" library="BuiltIn">
<arg>stdout: ${result.stdout}</arg>
<doc>Logs the given message with the given level.</doc>
<msg timestamp="20220401 06:20:56.734" level="INFO">stdout: ansible [core 2.12.2]
  config file = /root/ansible.cfg
  configured module search path = ['/root/.ansible/plugins/modules', '/usr/share/ansible/plugins/modules']
  ansible python module location = /usr/lib/python3/dist-packages/ansible
  ansible collection location = /root/.ansible/collections:/usr/share/ansible/collections
  executable location = /usr/bin/ansible
  python version = 3.8.10 (default, Mar 15 2022, 12:22:08) [GCC 9.4.0]
  jinja version = 2.11.3
  libyaml = True</msg>
<status status="PASS" starttime="20220401 06:20:56.733" endtime="20220401 06:20:56.734"/>
</kw>
<status status="PASS" starttime="20220401 06:20:56.333" endtime="20220401 06:20:56.734"/>
</test>
<test id="s1-t3" name="Test3">
<kw name="Run Process" library="Process">
<var>${result}</var>
<arg>ansible-playbook</arg>
<arg>getip.yml</arg>
<doc>Runs a process and waits for it to complete.</doc>
<msg timestamp="20220401 06:20:56.735" level="INFO">Starting process:
ansible-playbook getip.yml</msg>
<msg timestamp="20220401 06:20:56.740" level="INFO">Waiting for process to complete.</msg>
<msg timestamp="20220401 06:20:58.984" level="INFO">Process completed.</msg>
<msg timestamp="20220401 06:20:58.984" level="INFO">${result} = &lt;result object with rc 0&gt;</msg>
<status status="PASS" starttime="20220401 06:20:56.735" endtime="20220401 06:20:58.985"/>
</kw>
<kw name="Should Be Equal" library="BuiltIn">
<arg>${result.rc}</arg>
<arg>${0}</arg>
<doc>Fails if the given objects are unequal.</doc>
<status status="PASS" starttime="20220401 06:20:58.985" endtime="20220401 06:20:58.986"/>
</kw>
<kw name="Log" library="BuiltIn">
<arg>stdout: ${result.stdout}</arg>
<doc>Logs the given message with the given level.</doc>
<msg timestamp="20220401 06:20:58.987" level="INFO">stdout: 
PLAY [all] *********************************************************************

TASK [Gathering Facts] *********************************************************
ok: [172.16.152.164]

TASK [debug] *******************************************************************
ok: [172.16.152.164] =&gt; {
    "hostvars[inventory_hostname]['ansible_env'].SSH_CONNECTION.split(' ')[2]": "172.16.152.164"
}

PLAY RECAP *********************************************************************
172.16.152.164             : ok=2    changed=0    unreachable=0    failed=0    skipped=0    rescued=0    ignored=0   
</msg>
<status status="PASS" starttime="20220401 06:20:58.987" endtime="20220401 06:20:58.987"/>
</kw>
<status status="PASS" starttime="20220401 06:20:56.734" endtime="20220401 06:20:58.988"/>
</test>
<test id="s1-t4" name="Test4">
<kw name="Run Process" library="Process">
<var>${result}</var>
<arg>ansible-playbook</arg>
<arg>ping.yml</arg>
<doc>Runs a process and waits for it to complete.</doc>
<msg timestamp="20220401 06:20:58.989" level="INFO">Starting process:
ansible-playbook ping.yml</msg>
<msg timestamp="20220401 06:20:58.992" level="INFO">Waiting for process to complete.</msg>
<msg timestamp="20220401 06:21:04.334" level="INFO">Process completed.</msg>
<msg timestamp="20220401 06:21:04.335" level="INFO">${result} = &lt;result object with rc 0&gt;</msg>
<status status="PASS" starttime="20220401 06:20:58.989" endtime="20220401 06:21:04.335"/>
</kw>
<kw name="Should Be Equal" library="BuiltIn">
<arg>${result.rc}</arg>
<arg>${0}</arg>
<doc>Fails if the given objects are unequal.</doc>
<status status="PASS" starttime="20220401 06:21:04.335" endtime="20220401 06:21:04.337"/>
</kw>
<kw name="Log" library="BuiltIn">
<arg>stdout: ${result.stdout}</arg>
<doc>Logs the given message with the given level.</doc>
<msg timestamp="20220401 06:21:04.338" level="INFO">stdout: 
PLAY [all] *********************************************************************

TASK [Gathering Facts] *********************************************************
ok: [172.16.152.164]

TASK [Execute ping] ************************************************************
changed: [172.16.152.164]

PLAY RECAP *********************************************************************
172.16.152.164             : ok=2    changed=1    unreachable=0    failed=0    skipped=0    rescued=0    ignored=0   
</msg>
<status status="PASS" starttime="20220401 06:21:04.337" endtime="20220401 06:21:04.338"/>
</kw>
<status status="PASS" starttime="20220401 06:20:58.988" endtime="20220401 06:21:04.339"/>
</test>
<test id="s1-t5" name="Test4">
<kw name="Run Process" library="Process">
<var>${result}</var>
<arg>ansible-playbook</arg>
<arg>traceroute.yml</arg>
<doc>Runs a process and waits for it to complete.</doc>
<msg timestamp="20220401 06:21:04.340" level="INFO">Starting process:
ansible-playbook traceroute.yml</msg>
<msg timestamp="20220401 06:21:04.343" level="INFO">Waiting for process to complete.</msg>
<msg timestamp="20220401 06:21:08.907" level="INFO">Process completed.</msg>
<msg timestamp="20220401 06:21:08.908" level="INFO">${result} = &lt;result object with rc 0&gt;</msg>
<status status="PASS" starttime="20220401 06:21:04.340" endtime="20220401 06:21:08.908"/>
</kw>
<kw name="Should Be Equal" library="BuiltIn">
<arg>${result.rc}</arg>
<arg>${0}</arg>
<doc>Fails if the given objects are unequal.</doc>
<status status="PASS" starttime="20220401 06:21:08.909" endtime="20220401 06:21:08.910"/>
</kw>
<kw name="Log" library="BuiltIn">
<arg>stdout: ${result.stdout}</arg>
<doc>Logs the given message with the given level.</doc>
<msg timestamp="20220401 06:21:08.911" level="INFO">stdout: 
PLAY [all] *********************************************************************

TASK [Gathering Facts] *********************************************************
ok: [172.16.152.164]

TASK [Execute TraceRoute] ******************************************************
changed: [172.16.152.164]

PLAY RECAP *********************************************************************
172.16.152.164             : ok=2    changed=1    unreachable=0    failed=0    skipped=0    rescued=0    ignored=0   
</msg>
<status status="PASS" starttime="20220401 06:21:08.911" endtime="20220401 06:21:08.912"/>
</kw>
<status status="PASS" starttime="20220401 06:21:04.339" endtime="20220401 06:21:08.912"/>
</test>
<test id="s1-t6" name="Test4">
<kw name="Run Process" library="Process">
<var>${result}</var>
<arg>python3</arg>
<arg>git_push.py</arg>
<doc>Runs a process and waits for it to complete.</doc>
<msg timestamp="20220401 06:21:08.915" level="INFO">Starting process:
python3 git_push.py</msg>
<msg timestamp="20220401 06:21:08.919" level="INFO">Waiting for process to complete.</msg>
<msg timestamp="20220401 06:21:10.105" level="INFO">Process completed.</msg>
<msg timestamp="20220401 06:21:10.105" level="INFO">${result} = &lt;result object with rc 0&gt;</msg>
<status status="PASS" starttime="20220401 06:21:08.915" endtime="20220401 06:21:10.105"/>
</kw>
<kw name="Should Be Equal" library="BuiltIn">
<arg>${result.rc}</arg>
<arg>${0}</arg>
<doc>Fails if the given objects are unequal.</doc>
<status status="PASS" starttime="20220401 06:21:10.106" endtime="20220401 06:21:10.107"/>
</kw>
<kw name="Log" library="BuiltIn">
<arg>stdout: ${result.stdout}</arg>
<doc>Logs the given message with the given level.</doc>
<msg timestamp="20220401 06:21:10.108" level="INFO">stdout: output: Initialized empty Git repository in /root/.git/

error:
output: 
error:
output: 
error:
output: 
error:
output: 
error:
output: 
error:</msg>
<status status="PASS" starttime="20220401 06:21:10.107" endtime="20220401 06:21:10.108"/>
</kw>
<status status="PASS" starttime="20220401 06:21:08.913" endtime="20220401 06:21:10.108"/>
</test>
<status status="PASS" starttime="20220401 06:20:56.286" endtime="20220401 06:21:10.110"/>
</suite>
<statistics>
<total>
<stat pass="6" fail="0" skip="0">All Tests</stat>
</total>
<tag>
</tag>
<suite>
<stat pass="6" fail="0" skip="0" id="s1" name="Processtest">Processtest</stat>
</suite>
</statistics>
<errors>
<msg timestamp="20220401 06:21:04.339" level="WARN">Multiple test cases with name 'Test4' executed in test suite 'Processtest'.</msg>
<msg timestamp="20220401 06:21:08.913" level="WARN">Multiple test cases with name 'Test4' executed in test suite 'Processtest'.</msg>
</errors>
</robot>
