<?xml version="1.0" encoding="UTF-8"?>
<robot generator="Robot 4.1.3 (Python 3.8.10 on linux)" generated="20220401 06:43:57.940" rpa="false" schemaversion="2">
<suite id="s1" name="Processtest" source="/root/processtest.robot">
<test id="s1-t1" name="Test1">
<kw name="Run Process" library="Process">
<arg>python3</arg>
<arg>-c</arg>
<arg>print('Hello, world!')</arg>
<doc>Runs a process and waits for it to complete.</doc>
<msg timestamp="20220401 06:43:57.974" level="INFO">Starting process:
python3 -c "print('Hello, world!')"</msg>
<msg timestamp="20220401 06:43:57.979" level="INFO">Waiting for process to complete.</msg>
<msg timestamp="20220401 06:43:58.001" level="INFO">Process completed.</msg>
<status status="PASS" starttime="20220401 06:43:57.974" endtime="20220401 06:43:58.002"/>
</kw>
<status status="PASS" starttime="20220401 06:43:57.973" endtime="20220401 06:43:58.002"/>
</test>
<test id="s1-t2" name="Test2">
<kw name="Run Process" library="Process">
<var>${result}</var>
<arg>ansible</arg>
<arg>--version</arg>
<doc>Runs a process and waits for it to complete.</doc>
<msg timestamp="20220401 06:43:58.005" level="INFO">Starting process:
ansible --version</msg>
<msg timestamp="20220401 06:43:58.008" level="INFO">Waiting for process to complete.</msg>
<msg timestamp="20220401 06:43:58.409" level="INFO">Process completed.</msg>
<msg timestamp="20220401 06:43:58.409" level="INFO">${result} = &lt;result object with rc 0&gt;</msg>
<status status="PASS" starttime="20220401 06:43:58.005" endtime="20220401 06:43:58.409"/>
</kw>
<kw name="Should Be Equal" library="BuiltIn">
<arg>${result.rc}</arg>
<arg>${0}</arg>
<doc>Fails if the given objects are unequal.</doc>
<status status="PASS" starttime="20220401 06:43:58.410" endtime="20220401 06:43:58.412"/>
</kw>
<kw name="Log" library="BuiltIn">
<arg>stdout: ${result.stdout}</arg>
<doc>Logs the given message with the given level.</doc>
<msg timestamp="20220401 06:43:58.413" level="INFO">stdout: ansible [core 2.12.2]
  config file = /root/ansible.cfg
  configured module search path = ['/root/.ansible/plugins/modules', '/usr/share/ansible/plugins/modules']
  ansible python module location = /usr/lib/python3/dist-packages/ansible
  ansible collection location = /root/.ansible/collections:/usr/share/ansible/collections
  executable location = /usr/bin/ansible
  python version = 3.8.10 (default, Mar 15 2022, 12:22:08) [GCC 9.4.0]
  jinja version = 2.11.3
  libyaml = True</msg>
<status status="PASS" starttime="20220401 06:43:58.412" endtime="20220401 06:43:58.413"/>
</kw>
<status status="PASS" starttime="20220401 06:43:58.003" endtime="20220401 06:43:58.414"/>
</test>
<test id="s1-t3" name="Test3">
<kw name="Run Process" library="Process">
<var>${result}</var>
<arg>ansible-playbook</arg>
<arg>getip.yml</arg>
<doc>Runs a process and waits for it to complete.</doc>
<msg timestamp="20220401 06:43:58.416" level="INFO">Starting process:
ansible-playbook getip.yml</msg>
<msg timestamp="20220401 06:43:58.419" level="INFO">Waiting for process to complete.</msg>
<msg timestamp="20220401 06:44:00.698" level="INFO">Process completed.</msg>
<msg timestamp="20220401 06:44:00.698" level="INFO">${result} = &lt;result object with rc 0&gt;</msg>
<status status="PASS" starttime="20220401 06:43:58.415" endtime="20220401 06:44:00.698"/>
</kw>
<kw name="Should Be Equal" library="BuiltIn">
<arg>${result.rc}</arg>
<arg>${0}</arg>
<doc>Fails if the given objects are unequal.</doc>
<status status="PASS" starttime="20220401 06:44:00.699" endtime="20220401 06:44:00.700"/>
</kw>
<kw name="Log" library="BuiltIn">
<arg>stdout: ${result.stdout}</arg>
<doc>Logs the given message with the given level.</doc>
<msg timestamp="20220401 06:44:00.701" level="INFO">stdout: 
PLAY [all] *********************************************************************

TASK [Gathering Facts] *********************************************************
ok: [172.16.152.164]

TASK [debug] *******************************************************************
ok: [172.16.152.164] =&gt; {
    "hostvars[inventory_hostname]['ansible_env'].SSH_CONNECTION.split(' ')[2]": "172.16.152.164"
}

PLAY RECAP *********************************************************************
172.16.152.164             : ok=2    changed=0    unreachable=0    failed=0    skipped=0    rescued=0    ignored=0   
</msg>
<status status="PASS" starttime="20220401 06:44:00.701" endtime="20220401 06:44:00.701"/>
</kw>
<status status="PASS" starttime="20220401 06:43:58.414" endtime="20220401 06:44:00.702"/>
</test>
<test id="s1-t4" name="Test4">
<kw name="Run Process" library="Process">
<var>${result}</var>
<arg>ansible-playbook</arg>
<arg>ping.yml</arg>
<doc>Runs a process and waits for it to complete.</doc>
<msg timestamp="20220401 06:44:00.703" level="INFO">Starting process:
ansible-playbook ping.yml</msg>
<msg timestamp="20220401 06:44:00.706" level="INFO">Waiting for process to complete.</msg>
<msg timestamp="20220401 06:44:06.554" level="INFO">Process completed.</msg>
<msg timestamp="20220401 06:44:06.555" level="INFO">${result} = &lt;result object with rc 0&gt;</msg>
<status status="PASS" starttime="20220401 06:44:00.703" endtime="20220401 06:44:06.555"/>
</kw>
<kw name="Should Be Equal" library="BuiltIn">
<arg>${result.rc}</arg>
<arg>${0}</arg>
<doc>Fails if the given objects are unequal.</doc>
<status status="PASS" starttime="20220401 06:44:06.555" endtime="20220401 06:44:06.556"/>
</kw>
<kw name="Log" library="BuiltIn">
<arg>stdout: ${result.stdout}</arg>
<doc>Logs the given message with the given level.</doc>
<msg timestamp="20220401 06:44:06.557" level="INFO">stdout: 
PLAY [all] *********************************************************************

TASK [Gathering Facts] *********************************************************
ok: [172.16.152.164]

TASK [Execute ping] ************************************************************
changed: [172.16.152.164]

PLAY RECAP *********************************************************************
172.16.152.164             : ok=2    changed=1    unreachable=0    failed=0    skipped=0    rescued=0    ignored=0   
</msg>
<status status="PASS" starttime="20220401 06:44:06.556" endtime="20220401 06:44:06.557"/>
</kw>
<status status="PASS" starttime="20220401 06:44:00.702" endtime="20220401 06:44:06.557"/>
</test>
<test id="s1-t5" name="Test4">
<kw name="Run Process" library="Process">
<var>${result}</var>
<arg>ansible-playbook</arg>
<arg>traceroute.yml</arg>
<doc>Runs a process and waits for it to complete.</doc>
<msg timestamp="20220401 06:44:06.559" level="INFO">Starting process:
ansible-playbook traceroute.yml</msg>
<msg timestamp="20220401 06:44:06.562" level="INFO">Waiting for process to complete.</msg>
<msg timestamp="20220401 06:44:10.919" level="INFO">Process completed.</msg>
<msg timestamp="20220401 06:44:10.920" level="INFO">${result} = &lt;result object with rc 0&gt;</msg>
<status status="PASS" starttime="20220401 06:44:06.559" endtime="20220401 06:44:10.920"/>
</kw>
<kw name="Should Be Equal" library="BuiltIn">
<arg>${result.rc}</arg>
<arg>${0}</arg>
<doc>Fails if the given objects are unequal.</doc>
<status status="PASS" starttime="20220401 06:44:10.921" endtime="20220401 06:44:10.922"/>
</kw>
<kw name="Log" library="BuiltIn">
<arg>stdout: ${result.stdout}</arg>
<doc>Logs the given message with the given level.</doc>
<msg timestamp="20220401 06:44:10.923" level="INFO">stdout: 
PLAY [all] *********************************************************************

TASK [Gathering Facts] *********************************************************
ok: [172.16.152.164]

TASK [Execute TraceRoute] ******************************************************
changed: [172.16.152.164]

PLAY RECAP *********************************************************************
172.16.152.164             : ok=2    changed=1    unreachable=0    failed=0    skipped=0    rescued=0    ignored=0   
</msg>
<status status="PASS" starttime="20220401 06:44:10.923" endtime="20220401 06:44:10.923"/>
</kw>
<status status="PASS" starttime="20220401 06:44:06.558" endtime="20220401 06:44:10.923"/>
</test>
<test id="s1-t6" name="Test4">
<kw name="Run Process" library="Process">
<var>${result}