<?xml version="1.0" encoding="UTF-8"?>
<robot generator="Robot 4.1.3 (Python 3.8.10 on linux)" generated="20220405 13:22:42.609" rpa="false" schemaversion="2">
<suite id="s1" name="Processtest" source="/root/processtest.robot">
<test id="s1-t1" name="Test1">
<kw name="Run Process" library="Process">
<arg>python3</arg>
<arg>-c</arg>
<arg>print('Hello, world!')</arg>
<doc>Runs a process and waits for it to complete.</doc>
<msg timestamp="20220405 13:22:42.671" level="INFO">Starting process:
python3 -c "print('Hello, world!')"</msg>
<msg timestamp="20220405 13:22:42.678" level="INFO">Waiting for process to complete.</msg>
<msg timestamp="20220405 13:22:42.727" level="INFO">Process completed.</msg>
<status status="PASS" starttime="20220405 13:22:42.671" endtime="20220405 13:22:42.728"/>
</kw>
<status status="PASS" starttime="20220405 13:22:42.668" endtime="20220405 13:22:42.731"/>
</test>
<test id="s1-t2" name="Test2">
<kw name="Run Process" library="Process">
<var>${result}</var>
<arg>ansible</arg>
<arg>--version</arg>
<doc>Runs a process and waits for it to complete.</doc>
<msg timestamp="20220405 13:22:42.735" level="INFO">Starting process:
ansible --version</msg>
<msg timestamp="20220405 13:22:42.741" level="INFO">Waiting for process to complete.</msg>
<msg timestamp="20220405 13:22:43.674" level="INFO">Process completed.</msg>
<msg timestamp="20220405 13:22:43.674" level="INFO">${result} = &lt;result object with rc 0&gt;</msg>
<status status="PASS" starttime="20220405 13:22:42.734" endtime="20220405 13:22:43.674"/>
</kw>
<kw name="Should Be Equal" library="BuiltIn">
<arg>${result.rc}</arg>
<arg>${0}</arg>
<doc>Fails if the given objects are unequal.</doc>
<status status="PASS" starttime="20220405 13:22:43.674" endtime="20220405 13:22:43.676"/>
</kw>
<kw name="Log" library="BuiltIn">
<arg>stdout: ${result.stdout}</arg>
<doc>Logs the given message with the given level.</doc>
<msg timestamp="20220405 13:22:43.677" level="INFO">stdout: ansible [core 2.12.2]
  config file = /root/ansible.cfg
  configured module search path = ['/root/.ansible/plugins/modules', '/usr/share/ansible/plugins/modules']
  ansible python module location = /usr/lib/python3/dist-packages/ansible
  ansible collection location = /root/.ansible/collections:/usr/share/ansible/collections
  executable location = /usr/bin/ansible
  python version = 3.8.10 (default, Mar 15 2022, 12:22:08) [GCC 9.4.0]
  jinja version = 2.11.3
  libyaml = True</msg>
<status status="PASS" starttime="20220405 13:22:43.676" endtime="20220405 13:22:43.677"/>
</kw>
<status status="PASS" starttime="20220405 13:22:42.732" endtime="20220405 13:22:43.677"/>
</test>
<test id="s1-t3" name="Test3">
<kw name="Run Process" library="Process">
<var>${result}</var>
<arg>ansible-playbook</arg>
<arg>getip.yml</arg>
<doc>Runs a process and waits for it to complete.</doc>
<msg timestamp="20220405 13:22:43.678" level="INFO">Starting process:
ansible-playbook getip.yml</msg>
<msg timestamp="20220405 13:22:43.681" level="INFO">Waiting for process to complete.</msg>
<msg timestamp="20220405 13:22:46.675" level="INFO">Process completed.</msg>
<msg timestamp="20220405 13:22:46.675" level="INFO">${result} = &lt;result object with rc 0&gt;</msg>
<status status="PASS" starttime="20220405 13:22:43.678" endtime="20220405 13:22:46.675"/>
</kw>
<kw name="Should Be Equal" library="BuiltIn">
<arg>${result.rc}</arg>
<arg>${0}</arg>
<doc>Fails if the given objects are unequal.</doc>
<status status="PASS" starttime="20220405 13:22:46.676" endtime="20220405 13:22:46.677"/>
</kw>
<kw name="Log" library="BuiltIn">
<arg>stdout: ${result.stdout}</arg>
<doc>Logs the given message with the given level.</doc>
<msg timestamp="20220405 13:22:46.678" level="INFO">stdout: 
PLAY [all] *********************************************************************

TASK [Gathering Facts] *********************************************************
ok: [172.16.152.164]

TASK [debug] *******************************************************************
ok: [172.16.152.164] =&gt; {
    "hostvars[inventory_hostname]['ansible_env'].SSH_CONNECTION.split(' ')[2]": "172.16.152.164"
}

PLAY RECAP *********************************************************************
172.16.152.164             : ok=2    changed=0    unreachable=0    failed=0    skipped=0    rescued=0    ignored=0   
</msg>
<status status="PASS" starttime="20220405 13:22:46.677" endtime="20220405 13:22:46.678"/>
</kw>
<status status="PASS" starttime="20220405 13:22:43.678" endtime="20220405 13:22:46.678"/>
</test>
<test id="s1-t4" name="Test4">
<kw name="Run Process" library="Process">
<var>${result}</var>
<arg>ansible-playbook</arg>
<arg>ping.yml</arg>
<doc>Runs a process and waits for it to complete.</doc>
<msg timestamp="20220405 13:22:46.679" level="INFO">Starting process:
ansible-playbook ping.yml</msg>
<msg timestamp="20220405 13:22:46.682" level="INFO">Waiting for process to complete.</msg>
<msg timestamp="20220405 13:22:52.031" level="INFO">Process completed.</msg>
<msg timestamp="20220405 13:22:52.031" level="INFO">${result} = &lt;result object with rc 0&gt;</msg>
<status status="PASS" starttime="20220405 13:22:46.679" endtime="20220405 13:22:52.032"/>
</kw>
<kw name="Should Be Equal" library="BuiltIn">
<arg>${result.rc}</arg>
<arg>${0}</arg>
<doc>Fails if the given objects are unequal.</doc>
<status status="PASS" starttime="20220405 13:22:52.033" endtime="20220405 13:22:52.034"/>
</kw>
<kw name="Log" library="BuiltIn">
<arg>stdout: ${result.stdout}</arg>
<doc>Logs the given message with the given level.</doc>
<msg timestamp="20220405 13:22:52.037" level="INFO">stdout: 
PLAY [all] *********************************************************************

TASK [Gathering Facts] *********************************************************
ok: [172.16.152.164]

TASK [Execute ping] ************************************************************
changed: [172.16.152.164]

PLAY RECAP *********************************************************************
172.16.152.164             : ok=2    changed=1    unreachable=0    failed=0    skipped=0    rescued=0    ignored=0   
</msg>
<status status="PASS" starttime="20220405 13:22:52.034" endtime="20220405 13:22:52.037"/>
</kw>
<status status="PASS" starttime="20220405 13:22:46.678" endtime="20220405 13:22:52.037"/>
</test>
<test id="s1-t5" name="Test4">
<kw name="Run Process" library="Process">
<var>${result}</var>
<arg>ansible-playbook</arg>
<arg>traceroute.yml</arg>
<doc>Runs a process and waits for it to complete.</doc>
<msg timestamp="20220405 13:22:52.039" level="INFO">Starting process:
ansible-playbook traceroute.yml</msg>
<msg timestamp="20220405 13:22:52.041" level="INFO">Waiting for process to complete.</msg>
<msg timestamp="20220405 13:22:56.310" level="INFO">Process completed.</msg>
<msg timestamp="20220405 13:22:56.310" level="INFO">${result} = &lt;result object with rc 0&gt;</msg>
<status status="PASS" starttime="20220405 13:22:52.038" endtime="20220405 13:22:56.310"/>
</kw>
<kw name="Should Be Equal" library="BuiltIn">
<arg>${result.rc}</arg>
<arg>${0}</arg>
<doc>Fails if the given objects are unequal.</doc>
<status status="PASS" starttime="20220405 13:22:56.311" endtime="20220405 13:22:56.313"/>
</kw>
<kw name="Log" library="BuiltIn">
<arg>stdout: ${result.stdout}</arg>
<doc>Logs the given message with the given level.</doc>
<msg timestamp="20220405 13:22:56.313" level="INFO">stdout: 
PLAY [all] *********************************************************************

TASK [Gathering Facts] *********************************************************
ok: [172.16.152.164]

TASK [Execute TraceRoute] ******************************************************
changed: [172.16.152.164]

PLAY RECAP *********************************************************************
172.16.152.164             : ok=2    changed=1    unreachable=0    failed=0    skipped=0    rescued=0    ignored=0   
</msg>
<status status="PASS" starttime="20220405 13:22:56.313" endtime="20220405 13:22:56.313"/>
</kw>
<status status="PASS" starttime="20220405 13:22:52.038" endtime="20220405 13:22:56.314"/>
</test>
<test id="s1-t6" name="Test4">
<kw name="Run Process" library="Process">
<var>${result}