<?xml version="1.0" encoding="UTF-8"?>
<robot generator="Robot 4.1.3 (Python 3.8.10 on linux)" generated="20220405 15:21:23.806" rpa="false" schemaversion="2">
<suite id="s1" name="Processtest" source="/root/processtest.robot">
<test id="s1-t1" name="Test1">
<kw name="Run Process" library="Process">
<arg>python3</arg>
<arg>-c</arg>
<arg>print('Hello, world!')</arg>
<doc>Runs a process and waits for it to complete.</doc>
<msg timestamp="20220405 15:21:23.836" level="INFO">Starting process:
python3 -c "print('Hello, world!')"</msg>
<msg timestamp="20220405 15:21:23.839" level="INFO">Waiting for process to complete.</msg>
<msg timestamp="20220405 15:21:23.861" level="INFO">Process completed.</msg>
<status status="PASS" starttime="20220405 15:21:23.836" endtime="20220405 15:21:23.862"/>
</kw>
<status status="PASS" starttime="20220405 15:21:23.835" endtime="20220405 15:21:23.862"/>
</test>
<test id="s1-t2" name="Test2">
<kw name="Run Process" library="Process">
<var>${result}</var>
<arg>ansible</arg>
<arg>--version</arg>
<doc>Runs a process and waits for it to complete.</doc>
<msg timestamp="20220405 15:21:23.864" level="INFO">Starting process:
ansible --version</msg>
<msg timestamp="20220405 15:21:23.868" level="INFO">Waiting for process to complete.</msg>
<msg timestamp="20220405 15:21:24.375" level="INFO">Process completed.</msg>
<msg timestamp="20220405 15:21:24.376" level="INFO">${result} = &lt;result object with rc 0&gt;</msg>
<status status="PASS" starttime="20220405 15:21:23.864" endtime="20220405 15:21:24.376"/>
</kw>
<kw name="Should Be Equal" library="BuiltIn">
<arg>${result.rc}</arg>
<arg>${0}</arg>
<doc>Fails if the given objects are unequal.</doc>
<status status="PASS" starttime="20220405 15:21:24.376" endtime="20220405 15:21:24.378"/>
</kw>
<kw name="Log" library="BuiltIn">
<arg>stdout: ${result.stdout}</arg>
<doc>Logs the given message with the given level.</doc>
<msg timestamp="20220405 15:21:24.379" level="INFO">stdout: ansible [core 2.12.2]
  config file = /root/ansible.cfg
  configured module search path = ['/root/.ansible/plugins/modules', '/usr/share/ansible/plugins/modules']
  ansible python module location = /usr/lib/python3/dist-packages/ansible
  ansible collection location = /root/.ansible/collections:/usr/share/ansible/collections
  executable location = /usr/bin/ansible
  python version = 3.8.10 (default, Mar 15 2022, 12:22:08) [GCC 9.4.0]
  jinja version = 2.11.3
  libyaml = True</msg>
<status status="PASS" starttime="20220405 15:21:24.378" endtime="20220405 15:21:24.379"/>
</kw>
<status status="PASS" starttime="20220405 15:21:23.863" endtime="20220405 15:21:24.379"/>
</test>
<test id="s1-t3" name="Test3">
<kw name="Run Process" library="Process">
<var>${result}</var>
<arg>ansible-playbook</arg>
<arg>getip.yml</arg>
<doc>Runs a process and waits for it to complete.</doc>
<msg timestamp="20220405 15:21:24.380" level="INFO">Starting process:
ansible-playbook getip.yml</msg>
<msg timestamp="20220405 15:21:24.383" level="INFO">Waiting for process to complete.</msg>
<msg timestamp="20220405 15:21:26.816" level="INFO">Process completed.</msg>
<msg timestamp="20220405 15:21:26.817" level="INFO">${result} = &lt;result object with rc 0&gt;</msg>
<status status="PASS" starttime="20220405 15:21:24.380" endtime="20220405 15:21:26.817"/>
</kw>
<kw name="Should Be Equal" library="BuiltIn">
<arg>${result.rc}</arg>
<arg>${0}</arg>
<doc>Fails if the given objects are unequal.</doc>
<status status="PASS" starttime="20220405 15:21:26.817" endtime="20220405 15:21:26.818"/>
</kw>
<kw name="Log" library="BuiltIn">
<arg>stdout: ${result.stdout}</arg>
<doc>Logs the given message with the given level.</doc>
<msg timestamp="20220405 15:21:26.819" level="INFO">stdout: 
PLAY [all] *********************************************************************

TASK [Gathering Facts] *********************************************************
ok: [172.16.152.164]

TASK [debug] *******************************************************************
ok: [172.16.152.164] =&gt; {
    "hostvars[inventory_hostname]['ansible_env'].SSH_CONNECTION.split(' ')[2]": "172.16.152.164"
}

PLAY RECAP *********************************************************************
172.16.152.164             : ok=2    changed=0    unreachable=0    failed=0    skipped=0    rescued=0    ignored=0   
</msg>
<status status="PASS" starttime="20220405 15:21:26.818" endtime="20220405 15:21:26.819"/>
</kw>
<status status="PASS" starttime="20220405 15:21:24.380" endtime="20220405 15:21:26.819"/>
</test>
<test id="s1-t4" name="Test4">
<kw name="Run Process" library="Process">
<var>${result}</var>
<arg>ansible-playbook</arg>
<arg>ping.yml</arg>
<doc>Runs a process and waits for it to complete.</doc>
<msg timestamp="20220405 15:21:26.821" level="INFO">Starting process:
ansible-playbook ping.yml</msg>
<msg timestamp="20220405 15:21:26.823" level="INFO">Waiting for process to complete.</msg>
<msg timestamp="20220405 15:21:32.130" level="INFO">Process completed.</msg>
<msg timestamp="20220405 15:21:32.130" level="INFO">${result} = &lt;result object with rc 0&gt;</msg>
<status status="PASS" starttime="20220405 15:21:26.820" endtime="20220405 15:21:32.130"/>
</kw>
<kw name="Should Be Equal" library="BuiltIn">
<arg>${result.rc}</arg>
<arg>${0}</arg>
<doc>Fails if the given objects are unequal.</doc>
<status status="PASS" starttime="20220405 15:21:32.131" endtime="20220405 15:21:32.132"/>
</kw>
<kw name="Log" library="BuiltIn">
<arg>stdout: ${result.stdout}</arg>
<doc>Logs the given message with the given level.</doc>
<msg timestamp="20220405 15:21:32.133" level="INFO">stdout: 
PLAY [all] *********************************************************************

TASK [Gathering Facts] *********************************************************
ok: [172.16.152.164]

TASK [Execute ping] ************************************************************
changed: [172.16.152.164]

PLAY RECAP *********************************************************************
172.16.152.164             : ok=2    changed=1    unreachable=0    failed=0    skipped=0    rescued=0    ignored=0   
</msg>
<status status="PASS" starttime="20220405 15:21:32.132" endtime="20220405 15:21:32.133"/>
</kw>
<status status="PASS" starttime="20220405 15:21:26.820" endtime="20220405 15:21:32.133"/>
</test>
<test id="s1-t5" name="Test4">
<kw name="Run Process" library="Process">
<var>${result}</var>
<arg>ansible-playbook</arg>
<arg>traceroute.yml</arg>
<doc>Runs a process and waits for it to complete.</doc>
<msg timestamp="20220405 15:21:32.135" level="INFO">Starting process:
ansible-playbook traceroute.yml</msg>
<msg timestamp="20220405 15:21:32.137" level="INFO">Waiting for process to complete.</msg>
<msg timestamp="20220405 15:21:41.117" level="INFO">Process completed.</msg>
<msg timestamp="20220405 15:21:41.118" level="INFO">${result} = &lt;result object with rc 0&gt;</msg>
<status status="PASS" starttime="20220405 15:21:32.134" endtime="20220405 15:21:41.118"/>
</kw>
<kw name="Should Be Equal" library="BuiltIn">
<arg>${result.rc}</arg>
<arg>${0}</arg>
<doc>Fails if the given objects are unequal.</doc>
<status status="PASS" starttime="20220405 15:21:41.118" endtime="20220405 15:21:41.120"/>
</kw>
<kw name="Log" library="BuiltIn">
<arg>stdout: ${result.stdout}</arg>
<doc>Logs the given message with the given level.</doc>
<msg timestamp="20220405 15:21:41.120" level="INFO">stdout: 
PLAY [all] *********************************************************************

TASK [Gathering Facts] *********************************************************
ok: [172.16.152.164]

TASK [Execute TraceRoute] ******************************************************
changed: [172.16.152.164]

PLAY RECAP *********************************************************************
172.16.152.164             : ok=2    changed=1    unreachable=0    failed=0    skipped=0    rescued=0    ignored=0   
</msg>
<status status="PASS" starttime="20220405 15:21:41.120" endtime="20220405 15:21:41.120"/>
</kw>
<status status="PASS" starttime="20220405 15:21:32.134" endtime="20220405 15:21:41.121"/>
</test>
<test id="s1-t6" name="Test4">
<kw name="Run Process" library="Process">
<var>${result}